0 verbose cli C:\Program Files\nodejs\node.exe C:\Program Files\nodejs\node_modules\npm\bin\npm-cli.js
1 info using npm@11.8.0
2 info using node@v24.13.1
3 silly config load:file:C:\Program Files\nodejs\node_modules\npm\npmrc
4 silly config load:file:C:\Users\samch\Documents\GitHub\CardioCheck-prototype\web\.npmrc
5 silly config load:file:C:\Users\samch\.npmrc
6 silly config load:file:C:\Users\samch\AppData\Roaming\npm\etc\npmrc
7 verbose title npm install
8 verbose argv "install" "--no-audit" "--no-fund"
9 verbose logfile logs-max:10 dir:C:\Users\samch\Documents\GitHub\CardioCheck-prototype\web\.npm-cache\_logs\2026-03-02T11_52_56_346Z-
10 verbose logfile C:\Users\samch\Documents\GitHub\CardioCheck-prototype\web\.npm-cache\_logs\2026-03-02T11_52_56_346Z-debug-0.log
11 silly logfile done cleaning log files
12 http fetch GET https://registry.npmjs.org/npm attempt 1 failed with ECONNREFUSED
13 silly packumentCache heap:4496293888 maxSize:1124073472 maxEntrySize:562036736
14 silly idealTree buildDeps
15 silly fetch manifest @radix-ui/react-slot@^1.2.3
16 silly packumentCache full:https://registry.npmjs.org/@radix-ui%2freact-slot cache-miss
17 http fetch GET https://registry.npmjs.org/@radix-ui%2freact-slot attempt 1 failed with ECONNREFUSED
18 http fetch GET https://registry.npmjs.org/npm attempt 2 failed with ECONNREFUSED
19 http fetch GET https://registry.npmjs.org/@radix-ui%2freact-slot attempt 2 failed with ECONNREFUSED
20 http fetch GET https://registry.npmjs.org/npm attempt 3 failed with ECONNREFUSED
21 http fetch GET https://registry.npmjs.org/@radix-ui%2freact-slot attempt 3 failed with ECONNREFUSED
22 silly fetch manifest class-variance-authority@^0.7.1
23 silly packumentCache full:https://registry.npmjs.org/class-variance-authority cache-miss
24 http fetch GET https://registry.npmjs.org/class-variance-authority attempt 1 failed with ECONNREFUSED
25 http fetch GET https://registry.npmjs.org/class-variance-authority attempt 2 failed with ECONNREFUSED
26 http fetch GET https://registry.npmjs.org/class-variance-authority attempt 3 failed with ECONNREFUSED
27 silly fetch manifest clsx@^2.1.1
28 silly packumentCache full:https://registry.npmjs.org/clsx cache-miss
29 http fetch GET https://registry.npmjs.org/clsx attempt 1 failed with ECONNREFUSED
30 http fetch GET https://registry.npmjs.org/clsx attempt 2 failed with ECONNREFUSED
31 http fetch GET https://registry.npmjs.org/clsx attempt 3 failed with ECONNREFUSED
32 silly fetch manifest lucide-react@^0.542.0
33 silly packumentCache full:https://registry.npmjs.org/lucide-react cache-miss
34 http fetch GET https://registry.npmjs.org/lucide-react attempt 1 failed with ECONNREFUSED
35 http fetch GET https://registry.npmjs.org/lucide-react attempt 2 failed with ECONNREFUSED
36 http fetch GET https://registry.npmjs.org/lucide-react attempt 3 failed with ECONNREFUSED
37 silly fetch manifest tailwind-merge@^3.3.1
38 silly packumentCache full:https://registry.npmjs.org/tailwind-merge cache-miss
39 http fetch GET https://registry.npmjs.org/tailwind-merge attempt 1 failed with ECONNREFUSED
40 http fetch GET https://registry.npmjs.org/tailwind-merge attempt 2 failed with ECONNREFUSED
41 http fetch GET https://registry.npmjs.org/tailwind-merge attempt 3 failed with ECONNREFUSED
42 silly fetch manifest tw-animate-css@^1.4.0
43 silly packumentCache full:https://registry.npmjs.org/tw-animate-css cache-miss
44 http fetch GET https://registry.npmjs.org/tw-animate-css attempt 1 failed with ECONNREFUSED
45 http fetch GET https://registry.npmjs.org/tw-animate-css attempt 2 failed with ECONNREFUSED
46 http fetch GET https://registry.npmjs.org/tw-animate-css attempt 3 failed with ECONNREFUSED
47 silly placeDep ROOT @radix-ui/react-slot@ OK for: web@0.1.0 want: ^1.2.3
48 silly placeDep ROOT class-variance-authority@ OK for: web@0.1.0 want: ^0.7.1
49 silly placeDep ROOT clsx@ OK for: web@0.1.0 want: ^2.1.1
50 silly placeDep ROOT lucide-react@ OK for: web@0.1.0 want: ^0.542.0
51 silly placeDep ROOT tailwind-merge@ OK for: web@0.1.0 want: ^3.3.1
52 silly placeDep ROOT tw-animate-css@ OK for: web@0.1.0 want: ^1.4.0
53 verbose type system
54 verbose stack FetchError: request to https://registry.npmjs.org/@radix-ui%2freact-slot failed, reason: connect ECONNREFUSED 127.0.0.1:9
54 verbose stack     at ClientRequest.<anonymous> (C:\Program Files\nodejs\node_modules\npm\node_modules\minipass-fetch\lib\index.js:130:14)
54 verbose stack     at ClientRequest.emit (node:events:508:28)
54 verbose stack     at emitErrorEvent (node:_http_client:108:11)
54 verbose stack     at _destroy (node:_http_client:963:9)
54 verbose stack     at onSocketNT (node:_http_client:983:5)
54 verbose stack     at process.processTicksAndRejections (node:internal/process/task_queues:90:21)
55 error code ECONNREFUSED
56 error syscall connect
57 error errno ECONNREFUSED
58 error FetchError: request to https://registry.npmjs.org/@radix-ui%2freact-slot failed, reason: connect ECONNREFUSED 127.0.0.1:9
58 error     at ClientRequest.<anonymous> (C:\Program Files\nodejs\node_modules\npm\node_modules\minipass-fetch\lib\index.js:130:14)
58 error     at ClientRequest.emit (node:events:508:28)
58 error     at emitErrorEvent (node:_http_client:108:11)
58 error     at _destroy (node:_http_client:963:9)
58 error     at onSocketNT (node:_http_client:983:5)
58 error     at process.processTicksAndRejections (node:internal/process/task_queues:90:21) {
58 error   code: 'ECONNREFUSED',
58 error   errno: 'ECONNREFUSED',
58 error   syscall: 'connect',
58 error   address: '127.0.0.1',
58 error   port: 9,
58 error   type: 'system',
58 error   requiredBy: '.'
58 error }
59 error
59 error If you are behind a proxy, please make sure that the
59 error 'proxy' config is set properly.  See: 'npm help config'
60 silly unfinished npm timer reify 1772452377102
61 silly unfinished npm timer reify:loadTrees 1772452377103
62 verbose cwd C:\Users\samch\Documents\GitHub\CardioCheck-prototype\web
63 verbose os Windows_NT 10.0.26200
64 verbose node v24.13.1
65 verbose npm  v11.8.0
66 verbose exit 1
67 verbose code 1
68 error A complete log of this run can be found in: C:\Users\samch\Documents\GitHub\CardioCheck-prototype\web\.npm-cache\_logs\2026-03-02T11_52_56_346Z-debug-0.log
